[debug] [2024-04-17T11:13:19.639Z] ----------------------------------------------------------------------
[debug] [2024-04-17T11:13:19.643Z] Command:       C:\Program Files\nodejs\node.exe C:\Users\AUTSAMO\AppData\Roaming\npm\node_modules\firebase-tools\lib\bin\firebase.js init
[debug] [2024-04-17T11:13:19.643Z] CLI Version:   13.7.2
[debug] [2024-04-17T11:13:19.643Z] Platform:      win32
[debug] [2024-04-17T11:13:19.644Z] Node Version:  v20.11.1
[debug] [2024-04-17T11:13:19.644Z] Time:          Wed Apr 17 2024 13:13:19 GMT+0200 (Central European Summer Time)
[debug] [2024-04-17T11:13:19.644Z] ----------------------------------------------------------------------
[debug] 
[debug] [2024-04-17T11:13:19.651Z] > command requires scopes: ["email","openid","https://www.googleapis.com/auth/cloudplatformprojects.readonly","https://www.googleapis.com/auth/firebase","https://www.googleapis.com/auth/cloud-platform"]
[debug] [2024-04-17T11:13:19.652Z] > authorizing via signed-in user (abbasian.mahsa@gmail.com)
[info] 
     ######## #### ########  ######## ########     ###     ######  ########
     ##        ##  ##     ## ##       ##     ##  ##   ##  ##       ##
     ######    ##  ########  ######   ########  #########  ######  ######
     ##        ##  ##    ##  ##       ##     ## ##     ##       ## ##
     ##       #### ##     ## ######## ########  ##     ##  ######  ########

You're about to initialize a Firebase project in this directory:

  C:\Users\AUTSAMO\Desktop\Creating the Public Directory for Swedish Learning Platform\public

[info] 
=== Project Setup
[info] 
[info] First, let's associate this project directory with a Firebase project.
[info] You can create multiple project aliases by running firebase use --add, 
[info] but for now we'll just set up a default project.
[info] 
[debug] [2024-04-17T11:14:09.033Z] >>> [apiv2][query] GET https://firebase.googleapis.com/v1beta1/projects pageSize=100
[debug] [2024-04-17T11:14:09.684Z] <<< [apiv2][status] GET https://firebase.googleapis.com/v1beta1/projects 200
[debug] [2024-04-17T11:14:09.684Z] <<< [apiv2][body] GET https://firebase.googleapis.com/v1beta1/projects [omitted]
[info] i  Using project swedish-learning-platform (Swedish Learning Platform) 
[info] 
=== Hosting Setup
[debug] [2024-04-17T11:14:13.496Z] >>> [apiv2][query] GET https://firebase.googleapis.com/v1beta1/projects/swedish-learning-platform [none]
[debug] [2024-04-17T11:14:13.756Z] <<< [apiv2][status] GET https://firebase.googleapis.com/v1beta1/projects/swedish-learning-platform 200
[debug] [2024-04-17T11:14:13.757Z] <<< [apiv2][body] GET https://firebase.googleapis.com/v1beta1/projects/swedish-learning-platform {"projectId":"swedish-learning-platform","projectNumber":"758374775748","displayName":"Swedish Learning Platform","name":"projects/swedish-learning-platform","resources":{"hostingSite":"swedish-learning-platform"},"state":"ACTIVE","etag":"1_09a0de5a-08fd-4ad3-9a6c-2e7dd8b3786e"}
[info] 
[info] Your public directory is the folder (relative to your project directory) that
[info] will contain Hosting assets to be uploaded with firebase deploy. If you
[info] have a build process for your assets, use your build's output directory.
[info] 
[debug] [2024-04-17T11:16:18.459Z] >>> [apiv2][query] GET https://www.gstatic.com/firebasejs/releases.json [none]
[debug] [2024-04-17T11:16:18.613Z] <<< [apiv2][status] GET https://www.gstatic.com/firebasejs/releases.json 200
[debug] [2024-04-17T11:16:18.614Z] <<< [apiv2][body] GET https://www.gstatic.com/firebasejs/releases.json {"current":{"version":"10.11.0","browserURL":"https://www.gstatic.com/firebasejs/10.11.0/firebase.js","packageURL":"https://www.gstatic.com/firebasejs/10.11.0/firebase.tgz"},"live":{"version":"10.11","browserURL":"https://www.gstatic.com/firebasejs/live/10.11/firebase.js","packageURL":"https://www.gstatic.com/firebasejs/live/10.11/firebase.tgz"},"components":{"analytics":"https://www.gstatic.com/firebasejs/10.11.0/firebase-analytics.js","app":"https://www.gstatic.com/firebasejs/10.11.0/firebase-app.js","app-check":"https://www.gstatic.com/firebasejs/10.11.0/firebase-app-check.js","auth":"https://www.gstatic.com/firebasejs/10.11.0/firebase-auth.js","auth/cordova":"https://www.gstatic.com/firebasejs/10.11.0/firebase-auth/cordova.js","auth/web-extension":"https://www.gstatic.com/firebasejs/10.11.0/firebase-auth/web-extension.js","functions":"https://www.gstatic.com/firebasejs/10.11.0/firebase-functions.js","firestore":"https://www.gstatic.com/firebasejs/10.11.0/firebase-firestore.js","firestore/lite":"https://www.gstatic.com/firebasejs/10.11.0/firebase-firestore/lite.js","installations":"https://www.gstatic.com/firebasejs/10.11.0/firebase-installations.js","storage":"https://www.gstatic.com/firebasejs/10.11.0/firebase-storage.js","performance":"https://www.gstatic.com/firebasejs/10.11.0/firebase-performance.js","remote-config":"https://www.gstatic.com/firebasejs/10.11.0/firebase-remote-config.js","messaging":"https://www.gstatic.com/firebasejs/10.11.0/firebase-messaging.js","messaging/sw":"https://www.gstatic.com/firebasejs/10.11.0/firebase-messaging/sw.js","database":"https://www.gstatic.com/firebasejs/10.11.0/firebase-database.js","firestore.memory":"https://www.gstatic.com/firebasejs/10.11.0/firebase-firestore.memory.js"}}
[info] +  Wrote public/index.html 
[info] 
[info] i  Didn't detect a .git folder. Assuming C:\Users\AUTSAMO\Desktop\Creating the Public Directory for Swedish Learning Platform\public is the project root. 
[info] i  Authorizing with GitHub to upload your service account to a GitHub repository's secrets store. 
[info] 
[info] Visit this URL on this device to log in:
[info] https://github.com/login/oauth/authorize?client_id=89cf50f02ac6aaed3484&state=176928&redirect_uri=http%3A%2F%2Flocalhost%3A9005&scope=read%3Auser%20repo%20public_repo
[info] 
[info] Waiting for authentication...
[debug] [2024-04-17T11:16:27.380Z] >>> [apiv2][query] GET https://api.github.com/user [none]
[debug] [2024-04-17T11:16:27.793Z] <<< [apiv2][status] GET https://api.github.com/user 200
[debug] [2024-04-17T11:16:27.793Z] <<< [apiv2][body] GET https://api.github.com/user {"login":"MahsaAbbasian","id":5794233,"node_id":"MDQ6VXNlcjU3OTQyMzM=","avatar_url":"https://avatars.githubusercontent.com/u/5794233?v=4","gravatar_id":"","url":"https://api.github.com/users/MahsaAbbasian","html_url":"https://github.com/MahsaAbbasian","followers_url":"https://api.github.com/users/MahsaAbbasian/followers","following_url":"https://api.github.com/users/MahsaAbbasian/following{/other_user}","gists_url":"https://api.github.com/users/MahsaAbbasian/gists{/gist_id}","starred_url":"https://api.github.com/users/MahsaAbbasian/starred{/owner}{/repo}","subscriptions_url":"https://api.github.com/users/MahsaAbbasian/subscriptions","organizations_url":"https://api.github.com/users/MahsaAbbasian/orgs","repos_url":"https://api.github.com/users/MahsaAbbasian/repos","events_url":"https://api.github.com/users/MahsaAbbasian/events{/privacy}","received_events_url":"https://api.github.com/users/MahsaAbbasian/received_events","type":"User","site_admin":false,"name":"Mahsa Abbasian","company":null,"blog":"","location":null,"email":null,"hireable":null,"bio":null,"twitter_username":null,"public_repos":18,"public_gists":0,"followers":1,"following":0,"created_at":"2013-10-28T13:17:59Z","updated_at":"2024-04-07T22:39:26Z","private_gists":0,"total_private_repos":0,"owned_private_repos":0,"disk_usage":33554,"collaborators":0,"two_factor_authentication":false,"plan":{"name":"free","space":976562499,"collaborators":0,"private_repos":10000}}
[info] 
[info] +  Success! Logged into GitHub as MahsaAbbasian 
[info] 
